2016-04-22 11:50:47,034 [Worker-3] INFO  o.e.m.c.i.l.LifecycleMappingFactory - Using org.eclipse.m2e.jdt.JarLifecycleMapping lifecycle mapping for MavenProject: com.codeclan.md:farm:1.0-SNAPSHOT @ /Users/user/Desktop/homework/farm_java/Workspace/farm/pom.xml.
2016-04-22 11:50:47,266 [Worker-3] INFO  o.e.m.j.i.AbstractJavaProjectConfigurator - Adding source folder /farm/src/main/java
2016-04-22 11:50:47,267 [Worker-3] INFO  o.e.m.j.i.AbstractJavaProjectConfigurator - Adding source folder /farm/src/test/java
2016-04-22 11:50:47,843 [Worker-3] INFO  o.e.m.c.i.p.ProjectConfigurationManager - Imported and configured 1 project(s) in 1 sec
2016-04-22 11:50:48,691 [Worker-11] WARN  o.e.m.c.i.embedder.EclipseLogger - Using platform encoding (UTF-8 actually) to copy filtered resources, i.e. build is platform dependent!
2016-04-22 11:50:48,697 [Worker-11] INFO  o.e.m.c.i.embedder.EclipseLogger - skip non existing resourceDirectory /Users/user/Desktop/homework/farm_java/Workspace/farm/src/main/resources
2016-04-22 11:50:48,699 [Worker-11] WARN  o.e.m.c.i.embedder.EclipseLogger - Using platform encoding (UTF-8 actually) to copy filtered resources, i.e. build is platform dependent!
2016-04-22 11:50:48,699 [Worker-11] INFO  o.e.m.c.i.embedder.EclipseLogger - skip non existing resourceDirectory /Users/user/Desktop/homework/farm_java/Workspace/farm/src/test/resources
2016-04-22 11:51:20,288 [Worker-4] WARN  o.e.m.c.i.embedder.EclipseLogger - Using platform encoding (UTF-8 actually) to copy filtered resources, i.e. build is platform dependent!
2016-04-22 11:51:20,289 [Worker-4] INFO  o.e.m.c.i.embedder.EclipseLogger - skip non existing resourceDirectory /Users/user/Desktop/homework/farm_java/Workspace/farm/src/main/resources
2016-04-22 11:51:20,290 [Worker-4] WARN  o.e.m.c.i.embedder.EclipseLogger - Using platform encoding (UTF-8 actually) to copy filtered resources, i.e. build is platform dependent!
2016-04-22 11:51:20,291 [Worker-4] INFO  o.e.m.c.i.embedder.EclipseLogger - skip non existing resourceDirectory /Users/user/Desktop/homework/farm_java/Workspace/farm/src/test/resources
2016-04-22 11:51:33,188 [Worker-2] WARN  o.e.m.c.i.embedder.EclipseLogger - Using platform encoding (UTF-8 actually) to copy filtered resources, i.e. build is platform dependent!
2016-04-22 11:51:33,189 [Worker-2] INFO  o.e.m.c.i.embedder.EclipseLogger - skip non existing resourceDirectory /Users/user/Desktop/homework/farm_java/Workspace/farm/src/main/resources
2016-04-22 11:51:33,191 [Worker-2] WARN  o.e.m.c.i.embedder.EclipseLogger - Using platform encoding (UTF-8 actually) to copy filtered resources, i.e. build is platform dependent!
2016-04-22 11:51:33,191 [Worker-2] INFO  o.e.m.c.i.embedder.EclipseLogger - skip non existing resourceDirectory /Users/user/Desktop/homework/farm_java/Workspace/farm/src/test/resources
2016-04-22 11:51:49,410 [Worker-4] INFO  o.e.m.c.i.l.LifecycleMappingFactory - Using org.eclipse.m2e.jdt.JarLifecycleMapping lifecycle mapping for MavenProject: com.codeclan.md:farm:1.0-SNAPSHOT @ /Users/user/Desktop/homework/farm_java/Workspace/farm/pom.xml.
2016-04-22 11:51:49,582 [Worker-4] WARN  o.e.m.c.i.embedder.EclipseLogger - Using platform encoding (UTF-8 actually) to copy filtered resources, i.e. build is platform dependent!
2016-04-22 11:51:49,583 [Worker-4] INFO  o.e.m.c.i.embedder.EclipseLogger - skip non existing resourceDirectory /Users/user/Desktop/homework/farm_java/Workspace/farm/src/main/resources
2016-04-22 11:51:49,585 [Worker-4] WARN  o.e.m.c.i.embedder.EclipseLogger - Using platform encoding (UTF-8 actually) to copy filtered resources, i.e. build is platform dependent!
2016-04-22 11:51:49,586 [Worker-4] INFO  o.e.m.c.i.embedder.EclipseLogger - skip non existing resourceDirectory /Users/user/Desktop/homework/farm_java/Workspace/farm/src/test/resources
2016-04-22 11:51:50,672 [Worker-10] WARN  o.e.m.c.i.embedder.EclipseLogger - Using platform encoding (UTF-8 actually) to copy filtered resources, i.e. build is platform dependent!
2016-04-22 11:51:50,673 [Worker-10] INFO  o.e.m.c.i.embedder.EclipseLogger - skip non existing resourceDirectory /Users/user/Desktop/homework/farm_java/Workspace/farm/src/main/resources
2016-04-22 11:51:50,675 [Worker-10] WARN  o.e.m.c.i.embedder.EclipseLogger - Using platform encoding (UTF-8 actually) to copy filtered resources, i.e. build is platform dependent!
2016-04-22 11:51:50,675 [Worker-10] INFO  o.e.m.c.i.embedder.EclipseLogger - skip non existing resourceDirectory /Users/user/Desktop/homework/farm_java/Workspace/farm/src/test/resources
2016-04-22 11:51:52,724 [main] INFO  c.g.t.t.d.PublishedGradleVersions - Gradle version information cache file is out-of-date. Remote download required.
2016-04-22 11:51:58,634 [Worker-5] INFO  o.e.m.i.launch.MavenLaunchDelegate - /Users/user/Desktop/homework/farm_java/Workspace/farm
2016-04-22 11:51:58,634 [Worker-5] INFO  o.e.m.i.launch.MavenLaunchDelegate -  mvn  -B install
2016-04-22 11:52:03,388 [Worker-1] WARN  o.e.m.c.i.embedder.EclipseLogger - Using platform encoding (UTF-8 actually) to copy filtered resources, i.e. build is platform dependent!
2016-04-22 11:52:03,390 [Worker-1] INFO  o.e.m.c.i.embedder.EclipseLogger - skip non existing resourceDirectory /Users/user/Desktop/homework/farm_java/Workspace/farm/src/main/resources
2016-04-22 11:52:03,391 [Worker-1] WARN  o.e.m.c.i.embedder.EclipseLogger - Using platform encoding (UTF-8 actually) to copy filtered resources, i.e. build is platform dependent!
2016-04-22 11:52:03,391 [Worker-1] INFO  o.e.m.c.i.embedder.EclipseLogger - skip non existing resourceDirectory /Users/user/Desktop/homework/farm_java/Workspace/farm/src/test/resources
2016-04-22 11:54:56,932 [Worker-12] WARN  o.e.m.c.i.embedder.EclipseLogger - Using platform encoding (UTF-8 actually) to copy filtered resources, i.e. build is platform dependent!
2016-04-22 11:54:56,933 [Worker-12] INFO  o.e.m.c.i.embedder.EclipseLogger - skip non existing resourceDirectory /Users/user/Desktop/homework/farm_java/Workspace/farm/src/main/resources
2016-04-22 11:54:56,934 [Worker-12] WARN  o.e.m.c.i.embedder.EclipseLogger - Using platform encoding (UTF-8 actually) to copy filtered resources, i.e. build is platform dependent!
2016-04-22 11:54:56,935 [Worker-12] INFO  o.e.m.c.i.embedder.EclipseLogger - skip non existing resourceDirectory /Users/user/Desktop/homework/farm_java/Workspace/farm/src/test/resources
2016-04-22 11:54:57,942 [Worker-12] WARN  o.e.m.c.i.embedder.EclipseLogger - Using platform encoding (UTF-8 actually) to copy filtered resources, i.e. build is platform dependent!
2016-04-22 11:54:57,943 [Worker-12] INFO  o.e.m.c.i.embedder.EclipseLogger - skip non existing resourceDirectory /Users/user/Desktop/homework/farm_java/Workspace/farm/src/main/resources
2016-04-22 11:54:57,944 [Worker-12] WARN  o.e.m.c.i.embedder.EclipseLogger - Using platform encoding (UTF-8 actually) to copy filtered resources, i.e. build is platform dependent!
2016-04-22 11:54:57,945 [Worker-12] INFO  o.e.m.c.i.embedder.EclipseLogger - skip non existing resourceDirectory /Users/user/Desktop/homework/farm_java/Workspace/farm/src/test/resources
2016-04-24 15:54:50,567 [Worker-384] WARN  o.e.m.c.i.embedder.EclipseLogger - Using platform encoding (UTF-8 actually) to copy filtered resources, i.e. build is platform dependent!
2016-04-24 15:54:50,570 [Worker-384] INFO  o.e.m.c.i.embedder.EclipseLogger - skip non existing resourceDirectory /Users/user/Desktop/homework/farm_java/Workspace/farm/src/main/resources
2016-04-24 15:54:50,571 [Worker-384] WARN  o.e.m.c.i.embedder.EclipseLogger - Using platform encoding (UTF-8 actually) to copy filtered resources, i.e. build is platform dependent!
2016-04-24 15:54:50,572 [Worker-384] INFO  o.e.m.c.i.embedder.EclipseLogger - skip non existing resourceDirectory /Users/user/Desktop/homework/farm_java/Workspace/farm/src/test/resources
2016-04-24 15:55:18,198 [Worker-388] WARN  o.e.m.c.i.embedder.EclipseLogger - Using platform encoding (UTF-8 actually) to copy filtered resources, i.e. build is platform dependent!
2016-04-24 15:55:18,198 [Worker-388] INFO  o.e.m.c.i.embedder.EclipseLogger - skip non existing resourceDirectory /Users/user/Desktop/homework/farm_java/Workspace/farm/src/main/resources
2016-04-24 15:55:18,200 [Worker-388] WARN  o.e.m.c.i.embedder.EclipseLogger - Using platform encoding (UTF-8 actually) to copy filtered resources, i.e. build is platform dependent!
2016-04-24 15:55:18,200 [Worker-388] INFO  o.e.m.c.i.embedder.EclipseLogger - skip non existing resourceDirectory /Users/user/Desktop/homework/farm_java/Workspace/farm/src/test/resources
2016-04-24 15:57:27,648 [Worker-386] WARN  o.e.m.c.i.embedder.EclipseLogger - Using platform encoding (UTF-8 actually) to copy filtered resources, i.e. build is platform dependent!
2016-04-24 15:57:27,648 [Worker-386] INFO  o.e.m.c.i.embedder.EclipseLogger - skip non existing resourceDirectory /Users/user/Desktop/homework/farm_java/Workspace/farm/src/main/resources
2016-04-24 15:57:27,649 [Worker-386] WARN  o.e.m.c.i.embedder.EclipseLogger - Using platform encoding (UTF-8 actually) to copy filtered resources, i.e. build is platform dependent!
2016-04-24 15:57:27,650 [Worker-386] INFO  o.e.m.c.i.embedder.EclipseLogger - skip non existing resourceDirectory /Users/user/Desktop/homework/farm_java/Workspace/farm/src/test/resources
2016-04-24 15:57:50,645 [Worker-386] WARN  o.e.m.c.i.embedder.EclipseLogger - Using platform encoding (UTF-8 actually) to copy filtered resources, i.e. build is platform dependent!
2016-04-24 15:57:50,646 [Worker-386] INFO  o.e.m.c.i.embedder.EclipseLogger - skip non existing resourceDirectory /Users/user/Desktop/homework/farm_java/Workspace/farm/src/main/resources
2016-04-24 15:57:50,648 [Worker-386] WARN  o.e.m.c.i.embedder.EclipseLogger - Using platform encoding (UTF-8 actually) to copy filtered resources, i.e. build is platform dependent!
2016-04-24 15:57:50,648 [Worker-386] INFO  o.e.m.c.i.embedder.EclipseLogger - skip non existing resourceDirectory /Users/user/Desktop/homework/farm_java/Workspace/farm/src/test/resources
2016-04-24 15:58:39,544 [Worker-384] WARN  o.e.m.c.i.embedder.EclipseLogger - Using platform encoding (UTF-8 actually) to copy filtered resources, i.e. build is platform dependent!
2016-04-24 15:58:39,545 [Worker-384] INFO  o.e.m.c.i.embedder.EclipseLogger - skip non existing resourceDirectory /Users/user/Desktop/homework/farm_java/Workspace/farm/src/main/resources
2016-04-24 15:58:39,545 [Worker-384] WARN  o.e.m.c.i.embedder.EclipseLogger - Using platform encoding (UTF-8 actually) to copy filtered resources, i.e. build is platform dependent!
2016-04-24 15:58:39,546 [Worker-384] INFO  o.e.m.c.i.embedder.EclipseLogger - skip non existing resourceDirectory /Users/user/Desktop/homework/farm_java/Workspace/farm/src/test/resources
2016-04-24 15:59:07,264 [Worker-388] WARN  o.e.m.c.i.embedder.EclipseLogger - Using platform encoding (UTF-8 actually) to copy filtered resources, i.e. build is platform dependent!
2016-04-24 15:59:07,264 [Worker-388] INFO  o.e.m.c.i.embedder.EclipseLogger - skip non existing resourceDirectory /Users/user/Desktop/homework/farm_java/Workspace/farm/src/main/resources
2016-04-24 15:59:07,265 [Worker-388] WARN  o.e.m.c.i.embedder.EclipseLogger - Using platform encoding (UTF-8 actually) to copy filtered resources, i.e. build is platform dependent!
2016-04-24 15:59:07,266 [Worker-388] INFO  o.e.m.c.i.embedder.EclipseLogger - skip non existing resourceDirectory /Users/user/Desktop/homework/farm_java/Workspace/farm/src/test/resources
2016-04-24 15:59:45,174 [Worker-390] WARN  o.e.m.c.i.embedder.EclipseLogger - Using platform encoding (UTF-8 actually) to copy filtered resources, i.e. build is platform dependent!
2016-04-24 15:59:45,174 [Worker-390] INFO  o.e.m.c.i.embedder.EclipseLogger - skip non existing resourceDirectory /Users/user/Desktop/homework/farm_java/Workspace/farm/src/main/resources
2016-04-24 15:59:45,175 [Worker-390] WARN  o.e.m.c.i.embedder.EclipseLogger - Using platform encoding (UTF-8 actually) to copy filtered resources, i.e. build is platform dependent!
2016-04-24 15:59:45,176 [Worker-390] INFO  o.e.m.c.i.embedder.EclipseLogger - skip non existing resourceDirectory /Users/user/Desktop/homework/farm_java/Workspace/farm/src/test/resources
2016-04-24 16:00:03,391 [Worker-386] WARN  o.e.m.c.i.embedder.EclipseLogger - Using platform encoding (UTF-8 actually) to copy filtered resources, i.e. build is platform dependent!
2016-04-24 16:00:03,391 [Worker-386] INFO  o.e.m.c.i.embedder.EclipseLogger - skip non existing resourceDirectory /Users/user/Desktop/homework/farm_java/Workspace/farm/src/main/resources
2016-04-24 16:00:03,394 [Worker-386] WARN  o.e.m.c.i.embedder.EclipseLogger - Using platform encoding (UTF-8 actually) to copy filtered resources, i.e. build is platform dependent!
2016-04-24 16:00:03,394 [Worker-386] INFO  o.e.m.c.i.embedder.EclipseLogger - skip non existing resourceDirectory /Users/user/Desktop/homework/farm_java/Workspace/farm/src/test/resources
2016-04-24 16:00:10,457 [Worker-384] WARN  o.e.m.c.i.embedder.EclipseLogger - Using platform encoding (UTF-8 actually) to copy filtered resources, i.e. build is platform dependent!
2016-04-24 16:00:10,458 [Worker-384] INFO  o.e.m.c.i.embedder.EclipseLogger - skip non existing resourceDirectory /Users/user/Desktop/homework/farm_java/Workspace/farm/src/main/resources
2016-04-24 16:00:10,459 [Worker-384] WARN  o.e.m.c.i.embedder.EclipseLogger - Using platform encoding (UTF-8 actually) to copy filtered resources, i.e. build is platform dependent!
2016-04-24 16:00:10,459 [Worker-384] INFO  o.e.m.c.i.embedder.EclipseLogger - skip non existing resourceDirectory /Users/user/Desktop/homework/farm_java/Workspace/farm/src/test/resources
2016-04-24 16:00:19,178 [Worker-386] WARN  o.e.m.c.i.embedder.EclipseLogger - Using platform encoding (UTF-8 actually) to copy filtered resources, i.e. build is platform dependent!
2016-04-24 16:00:19,179 [Worker-386] INFO  o.e.m.c.i.embedder.EclipseLogger - skip non existing resourceDirectory /Users/user/Desktop/homework/farm_java/Workspace/farm/src/main/resources
2016-04-24 16:00:19,180 [Worker-386] WARN  o.e.m.c.i.embedder.EclipseLogger - Using platform encoding (UTF-8 actually) to copy filtered resources, i.e. build is platform dependent!
2016-04-24 16:00:19,181 [Worker-386] INFO  o.e.m.c.i.embedder.EclipseLogger - skip non existing resourceDirectory /Users/user/Desktop/homework/farm_java/Workspace/farm/src/test/resources
2016-04-24 17:16:49,128 [Worker-408] WARN  o.e.m.c.i.embedder.EclipseLogger - Using platform encoding (UTF-8 actually) to copy filtered resources, i.e. build is platform dependent!
2016-04-24 17:16:49,130 [Worker-408] INFO  o.e.m.c.i.embedder.EclipseLogger - skip non existing resourceDirectory /Users/user/Desktop/homework/farm_java/Workspace/farm/src/main/resources
2016-04-24 17:16:49,132 [Worker-408] WARN  o.e.m.c.i.embedder.EclipseLogger - Using platform encoding (UTF-8 actually) to copy filtered resources, i.e. build is platform dependent!
2016-04-24 17:16:49,132 [Worker-408] INFO  o.e.m.c.i.embedder.EclipseLogger - skip non existing resourceDirectory /Users/user/Desktop/homework/farm_java/Workspace/farm/src/test/resources
2016-04-24 17:17:04,188 [Worker-403] WARN  o.e.m.c.i.embedder.EclipseLogger - Using platform encoding (UTF-8 actually) to copy filtered resources, i.e. build is platform dependent!
2016-04-24 17:17:04,189 [Worker-403] INFO  o.e.m.c.i.embedder.EclipseLogger - skip non existing resourceDirectory /Users/user/Desktop/homework/farm_java/Workspace/farm/src/main/resources
2016-04-24 17:17:04,191 [Worker-403] WARN  o.e.m.c.i.embedder.EclipseLogger - Using platform encoding (UTF-8 actually) to copy filtered resources, i.e. build is platform dependent!
2016-04-24 17:17:04,192 [Worker-403] INFO  o.e.m.c.i.embedder.EclipseLogger - skip non existing resourceDirectory /Users/user/Desktop/homework/farm_java/Workspace/farm/src/test/resources
2016-04-24 17:17:33,137 [Worker-403] WARN  o.e.m.c.i.embedder.EclipseLogger - Using platform encoding (UTF-8 actually) to copy filtered resources, i.e. build is platform dependent!
2016-04-24 17:17:33,137 [Worker-403] INFO  o.e.m.c.i.embedder.EclipseLogger - skip non existing resourceDirectory /Users/user/Desktop/homework/farm_java/Workspace/farm/src/main/resources
2016-04-24 17:17:33,140 [Worker-403] WARN  o.e.m.c.i.embedder.EclipseLogger - Using platform encoding (UTF-8 actually) to copy filtered resources, i.e. build is platform dependent!
2016-04-24 17:17:33,141 [Worker-403] INFO  o.e.m.c.i.embedder.EclipseLogger - skip non existing resourceDirectory /Users/user/Desktop/homework/farm_java/Workspace/farm/src/test/resources
2016-04-24 17:18:31,991 [Worker-403] WARN  o.e.m.c.i.embedder.EclipseLogger - Using platform encoding (UTF-8 actually) to copy filtered resources, i.e. build is platform dependent!
2016-04-24 17:18:31,992 [Worker-403] INFO  o.e.m.c.i.embedder.EclipseLogger - skip non existing resourceDirectory /Users/user/Desktop/homework/farm_java/Workspace/farm/src/main/resources
2016-04-24 17:18:31,993 [Worker-403] WARN  o.e.m.c.i.embedder.EclipseLogger - Using platform encoding (UTF-8 actually) to copy filtered resources, i.e. build is platform dependent!
2016-04-24 17:18:31,993 [Worker-403] INFO  o.e.m.c.i.embedder.EclipseLogger - skip non existing resourceDirectory /Users/user/Desktop/homework/farm_java/Workspace/farm/src/test/resources
2016-04-24 17:19:09,975 [Worker-403] WARN  o.e.m.c.i.embedder.EclipseLogger - Using platform encoding (UTF-8 actually) to copy filtered resources, i.e. build is platform dependent!
2016-04-24 17:19:09,975 [Worker-403] INFO  o.e.m.c.i.embedder.EclipseLogger - skip non existing resourceDirectory /Users/user/Desktop/homework/farm_java/Workspace/farm/src/main/resources
2016-04-24 17:19:09,977 [Worker-403] WARN  o.e.m.c.i.embedder.EclipseLogger - Using platform encoding (UTF-8 actually) to copy filtered resources, i.e. build is platform dependent!
2016-04-24 17:19:09,977 [Worker-403] INFO  o.e.m.c.i.embedder.EclipseLogger - skip non existing resourceDirectory /Users/user/Desktop/homework/farm_java/Workspace/farm/src/test/resources
2016-04-24 17:27:08,477 [Worker-403] WARN  o.e.m.c.i.embedder.EclipseLogger - Using platform encoding (UTF-8 actually) to copy filtered resources, i.e. build is platform dependent!
2016-04-24 17:27:08,477 [Worker-403] INFO  o.e.m.c.i.embedder.EclipseLogger - skip non existing resourceDirectory /Users/user/Desktop/homework/farm_java/Workspace/farm/src/main/resources
2016-04-24 17:27:08,478 [Worker-403] WARN  o.e.m.c.i.embedder.EclipseLogger - Using platform encoding (UTF-8 actually) to copy filtered resources, i.e. build is platform dependent!
2016-04-24 17:27:08,479 [Worker-403] INFO  o.e.m.c.i.embedder.EclipseLogger - skip non existing resourceDirectory /Users/user/Desktop/homework/farm_java/Workspace/farm/src/test/resources
2016-04-24 17:28:01,719 [Worker-403] WARN  o.e.m.c.i.embedder.EclipseLogger - Using platform encoding (UTF-8 actually) to copy filtered resources, i.e. build is platform dependent!
2016-04-24 17:28:01,720 [Worker-403] INFO  o.e.m.c.i.embedder.EclipseLogger - skip non existing resourceDirectory /Users/user/Desktop/homework/farm_java/Workspace/farm/src/main/resources
2016-04-24 17:28:01,721 [Worker-403] WARN  o.e.m.c.i.embedder.EclipseLogger - Using platform encoding (UTF-8 actually) to copy filtered resources, i.e. build is platform dependent!
2016-04-24 17:28:01,722 [Worker-403] INFO  o.e.m.c.i.embedder.EclipseLogger - skip non existing resourceDirectory /Users/user/Desktop/homework/farm_java/Workspace/farm/src/test/resources
2016-04-24 17:28:30,590 [Worker-401] WARN  o.e.m.c.i.embedder.EclipseLogger - Using platform encoding (UTF-8 actually) to copy filtered resources, i.e. build is platform dependent!
2016-04-24 17:28:30,591 [Worker-401] INFO  o.e.m.c.i.embedder.EclipseLogger - skip non existing resourceDirectory /Users/user/Desktop/homework/farm_java/Workspace/farm/src/main/resources
2016-04-24 17:28:30,593 [Worker-401] WARN  o.e.m.c.i.embedder.EclipseLogger - Using platform encoding (UTF-8 actually) to copy filtered resources, i.e. build is platform dependent!
2016-04-24 17:28:30,593 [Worker-401] INFO  o.e.m.c.i.embedder.EclipseLogger - skip non existing resourceDirectory /Users/user/Desktop/homework/farm_java/Workspace/farm/src/test/resources
2016-04-24 17:29:10,422 [Worker-407] WARN  o.e.m.c.i.embedder.EclipseLogger - Using platform encoding (UTF-8 actually) to copy filtered resources, i.e. build is platform dependent!
2016-04-24 17:29:10,422 [Worker-407] INFO  o.e.m.c.i.embedder.EclipseLogger - skip non existing resourceDirectory /Users/user/Desktop/homework/farm_java/Workspace/farm/src/main/resources
2016-04-24 17:29:10,423 [Worker-407] WARN  o.e.m.c.i.embedder.EclipseLogger - Using platform encoding (UTF-8 actually) to copy filtered resources, i.e. build is platform dependent!
2016-04-24 17:29:10,424 [Worker-407] INFO  o.e.m.c.i.embedder.EclipseLogger - skip non existing resourceDirectory /Users/user/Desktop/homework/farm_java/Workspace/farm/src/test/resources
2016-04-24 17:29:39,935 [Worker-400] WARN  o.e.m.c.i.embedder.EclipseLogger - Using platform encoding (UTF-8 actually) to copy filtered resources, i.e. build is platform dependent!
2016-04-24 17:29:39,936 [Worker-400] INFO  o.e.m.c.i.embedder.EclipseLogger - skip non existing resourceDirectory /Users/user/Desktop/homework/farm_java/Workspace/farm/src/main/resources
2016-04-24 17:29:39,936 [Worker-400] WARN  o.e.m.c.i.embedder.EclipseLogger - Using platform encoding (UTF-8 actually) to copy filtered resources, i.e. build is platform dependent!
2016-04-24 17:29:39,937 [Worker-400] INFO  o.e.m.c.i.embedder.EclipseLogger - skip non existing resourceDirectory /Users/user/Desktop/homework/farm_java/Workspace/farm/src/test/resources
2016-04-24 17:30:23,105 [Worker-400] WARN  o.e.m.c.i.embedder.EclipseLogger - Using platform encoding (UTF-8 actually) to copy filtered resources, i.e. build is platform dependent!
2016-04-24 17:30:23,106 [Worker-400] INFO  o.e.m.c.i.embedder.EclipseLogger - skip non existing resourceDirectory /Users/user/Desktop/homework/farm_java/Workspace/farm/src/main/resources
2016-04-24 17:30:23,107 [Worker-400] WARN  o.e.m.c.i.embedder.EclipseLogger - Using platform encoding (UTF-8 actually) to copy filtered resources, i.e. build is platform dependent!
2016-04-24 17:30:23,107 [Worker-400] INFO  o.e.m.c.i.embedder.EclipseLogger - skip non existing resourceDirectory /Users/user/Desktop/homework/farm_java/Workspace/farm/src/test/resources
